[1.893s] Invoking command in '/home/shiba/ros2_ws/src/pomodoro_timer': CONDA_PROMPT_MODIFIER=(base) PYTHONPATH=/home/shiba/ros2_ws/src/pomodoro_timer/build/pomodoro_timer/prefix_override:/usr/lib/python3/dist-packages/colcon_core/task/python/colcon_distutils_commands:/home/shiba/ros2_ws/src/pomodoro_timer/install/pomodoro_timer/lib/python3.10/site-packages:${PYTHONPATH} /usr/bin/python3 -W ignore:setup.py install is deprecated -W ignore:easy_install command is deprecated setup.py egg_info --egg-base build/pomodoro_timer build --build-base /home/shiba/ros2_ws/src/pomodoro_timer/build/pomodoro_timer/build install --record /home/shiba/ros2_ws/src/pomodoro_timer/build/pomodoro_timer/install.log --single-version-externally-managed install_data
[2.370s] running egg_info
[2.371s] creating build/pomodoro_timer/pomodoro_timer.egg-info
[2.373s] writing build/pomodoro_timer/pomodoro_timer.egg-info/PKG-INFO
[2.374s] writing dependency_links to build/pomodoro_timer/pomodoro_timer.egg-info/dependency_links.txt
[2.374s] writing entry points to build/pomodoro_timer/pomodoro_timer.egg-info/entry_points.txt
[2.375s] writing requirements to build/pomodoro_timer/pomodoro_timer.egg-info/requires.txt
[2.375s] writing top-level names to build/pomodoro_timer/pomodoro_timer.egg-info/top_level.txt
[2.376s] writing manifest file 'build/pomodoro_timer/pomodoro_timer.egg-info/SOURCES.txt'
[2.380s] reading manifest file 'build/pomodoro_timer/pomodoro_timer.egg-info/SOURCES.txt'
[2.381s] writing manifest file 'build/pomodoro_timer/pomodoro_timer.egg-info/SOURCES.txt'
[2.383s] running build
[2.383s] running build_py
[2.383s] creating /home/shiba/ros2_ws/src/pomodoro_timer/build/pomodoro_timer/build
[2.383s] creating /home/shiba/ros2_ws/src/pomodoro_timer/build/pomodoro_timer/build/lib
[2.385s] creating /home/shiba/ros2_ws/src/pomodoro_timer/build/pomodoro_timer/build/lib/pomodoro_timer
[2.386s] copying pomodoro_timer/__init__.py -> /home/shiba/ros2_ws/src/pomodoro_timer/build/pomodoro_timer/build/lib/pomodoro_timer
[2.387s] copying pomodoro_timer/timer_node.py -> /home/shiba/ros2_ws/src/pomodoro_timer/build/pomodoro_timer/build/lib/pomodoro_timer
[2.414s] running install
[2.415s] running install_lib
[2.417s] creating /home/shiba/ros2_ws/src/pomodoro_timer/install/pomodoro_timer/lib/python3.10/site-packages/pomodoro_timer
[2.418s] copying /home/shiba/ros2_ws/src/pomodoro_timer/build/pomodoro_timer/build/lib/pomodoro_timer/__init__.py -> /home/shiba/ros2_ws/src/pomodoro_timer/install/pomodoro_timer/lib/python3.10/site-packages/pomodoro_timer
[2.419s] copying /home/shiba/ros2_ws/src/pomodoro_timer/build/pomodoro_timer/build/lib/pomodoro_timer/timer_node.py -> /home/shiba/ros2_ws/src/pomodoro_timer/install/pomodoro_timer/lib/python3.10/site-packages/pomodoro_timer
[2.420s] byte-compiling /home/shiba/ros2_ws/src/pomodoro_timer/install/pomodoro_timer/lib/python3.10/site-packages/pomodoro_timer/__init__.py to __init__.cpython-310.pyc
[2.422s] byte-compiling /home/shiba/ros2_ws/src/pomodoro_timer/install/pomodoro_timer/lib/python3.10/site-packages/pomodoro_timer/timer_node.py to timer_node.cpython-310.pyc
[2.424s] running install_data
[2.426s] creating /home/shiba/ros2_ws/src/pomodoro_timer/install/pomodoro_timer/share/ament_index
[2.427s] creating /home/shiba/ros2_ws/src/pomodoro_timer/install/pomodoro_timer/share/ament_index/resource_index
[2.428s] creating /home/shiba/ros2_ws/src/pomodoro_timer/install/pomodoro_timer/share/ament_index/resource_index/packages
[2.429s] copying resource/pomodoro_timer -> /home/shiba/ros2_ws/src/pomodoro_timer/install/pomodoro_timer/share/ament_index/resource_index/packages
[2.429s] copying package.xml -> /home/shiba/ros2_ws/src/pomodoro_timer/install/pomodoro_timer/share/pomodoro_timer
[2.430s] running install_egg_info
[2.435s] Copying build/pomodoro_timer/pomodoro_timer.egg-info to /home/shiba/ros2_ws/src/pomodoro_timer/install/pomodoro_timer/lib/python3.10/site-packages/pomodoro_timer-0.0.0-py3.10.egg-info
[2.440s] running install_scripts
[2.481s] Installing timer script to /home/shiba/ros2_ws/src/pomodoro_timer/install/pomodoro_timer/lib/pomodoro_timer
[2.483s] writing list of installed files to '/home/shiba/ros2_ws/src/pomodoro_timer/build/pomodoro_timer/install.log'
[2.556s] Invoked command in '/home/shiba/ros2_ws/src/pomodoro_timer' returned '0': CONDA_PROMPT_MODIFIER=(base) PYTHONPATH=/home/shiba/ros2_ws/src/pomodoro_timer/build/pomodoro_timer/prefix_override:/usr/lib/python3/dist-packages/colcon_core/task/python/colcon_distutils_commands:/home/shiba/ros2_ws/src/pomodoro_timer/install/pomodoro_timer/lib/python3.10/site-packages:${PYTHONPATH} /usr/bin/python3 -W ignore:setup.py install is deprecated -W ignore:easy_install command is deprecated setup.py egg_info --egg-base build/pomodoro_timer build --build-base /home/shiba/ros2_ws/src/pomodoro_timer/build/pomodoro_timer/build install --record /home/shiba/ros2_ws/src/pomodoro_timer/build/pomodoro_timer/install.log --single-version-externally-managed install_data
