[0.739s] DEBUG:colcon:Command line arguments: ['/usr/bin/colcon', 'build', '--packages-select', 'pomodoro_timer']
[0.740s] DEBUG:colcon:Parsed command line arguments: Namespace(log_base=None, log_level=None, verb_name='build', build_base='build', install_base='install', merge_install=False, symlink_install=False, test_result_base=None, continue_on_error=False, executor='parallel', parallel_workers=16, event_handlers=None, ignore_user_meta=False, metas=['./colcon.meta'], base_paths=['.'], packages_ignore=None, packages_ignore_regex=None, paths=None, packages_up_to=None, packages_up_to_regex=None, packages_above=None, packages_above_and_dependencies=None, packages_above_depth=None, packages_select_by_dep=None, packages_skip_by_dep=None, packages_skip_up_to=None, packages_select_build_failed=False, packages_skip_build_finished=False, packages_select_test_failures=False, packages_skip_test_passed=False, packages_select=['pomodoro_timer'], packages_skip=None, packages_select_regex=None, packages_skip_regex=None, packages_start=None, packages_end=None, allow_overriding=[], cmake_args=None, cmake_target=None, cmake_target_skip_unavailable=False, cmake_clean_cache=False, cmake_clean_first=False, cmake_force_configure=False, ament_cmake_args=None, catkin_cmake_args=None, catkin_skip_building_tests=False, verb_parser=<colcon_defaults.argument_parser.defaults.DefaultArgumentsDecorator object at 0x773672d64370>, verb_extension=<colcon_core.verb.build.BuildVerb object at 0x773672d33ee0>, main=<bound method BuildVerb.main of <colcon_core.verb.build.BuildVerb object at 0x773672d33ee0>>)
[1.663s] Level 1:colcon.colcon_core.package_discovery:discover_packages(colcon_meta) check parameters
[1.663s] Level 1:colcon.colcon_core.package_discovery:discover_packages(recursive) check parameters
[1.663s] Level 1:colcon.colcon_core.package_discovery:discover_packages(ignore) check parameters
[1.664s] Level 1:colcon.colcon_core.package_discovery:discover_packages(path) check parameters
[1.664s] Level 1:colcon.colcon_core.package_discovery:discover_packages(colcon_meta) discover
[1.664s] Level 1:colcon.colcon_core.package_discovery:discover_packages(recursive) discover
[1.664s] INFO:colcon.colcon_core.package_discovery:Crawling recursively for packages in '/home/shiba/ros2_ws/src/pomodoro_timer'
[1.664s] Level 1:colcon.colcon_core.package_identification:_identify(.) by extensions ['ignore', 'ignore_ament_install']
[1.665s] Level 1:colcon.colcon_core.package_identification:_identify(.) by extension 'ignore'
[1.665s] Level 1:colcon.colcon_core.package_identification:_identify(.) by extension 'ignore_ament_install'
[1.665s] Level 1:colcon.colcon_core.package_identification:_identify(.) by extensions ['colcon_pkg']
[1.665s] Level 1:colcon.colcon_core.package_identification:_identify(.) by extension 'colcon_pkg'
[1.666s] Level 1:colcon.colcon_core.package_identification:_identify(.) by extensions ['colcon_meta']
[1.666s] Level 1:colcon.colcon_core.package_identification:_identify(.) by extension 'colcon_meta'
[1.666s] Level 1:colcon.colcon_core.package_identification:_identify(.) by extensions ['ros']
[1.666s] Level 1:colcon.colcon_core.package_identification:_identify(.) by extension 'ros'
[1.711s] DEBUG:colcon.colcon_core.package_identification:Package '.' with type 'ros.ament_python' and name 'pomodoro_timer'
[1.712s] Level 1:colcon.colcon_core.package_discovery:discover_packages(recursive) using defaults
[1.712s] Level 1:colcon.colcon_core.package_discovery:discover_packages(ignore) discover
[1.712s] Level 1:colcon.colcon_core.package_discovery:discover_packages(ignore) using defaults
[1.712s] Level 1:colcon.colcon_core.package_discovery:discover_packages(path) discover
[1.712s] Level 1:colcon.colcon_core.package_discovery:discover_packages(path) using defaults
[1.798s] Level 1:colcon.colcon_core.package_discovery:discover_packages(prefix_path) check parameters
[1.798s] Level 1:colcon.colcon_core.package_discovery:discover_packages(prefix_path) discover
[1.812s] DEBUG:colcon.colcon_installed_package_information.package_discovery:Found 2 installed packages in /home/shiba/ros2_ws/install
[1.816s] DEBUG:colcon.colcon_installed_package_information.package_discovery:Found 271 installed packages in /opt/ros/humble
[1.820s] Level 1:colcon.colcon_core.package_discovery:discover_packages(prefix_path) using defaults
[1.922s] Level 5:colcon.colcon_core.verb:set package 'pomodoro_timer' build argument 'cmake_args' from command line to 'None'
[1.923s] Level 5:colcon.colcon_core.verb:set package 'pomodoro_timer' build argument 'cmake_target' from command line to 'None'
[1.923s] Level 5:colcon.colcon_core.verb:set package 'pomodoro_timer' build argument 'cmake_target_skip_unavailable' from command line to 'False'
[1.923s] Level 5:colcon.colcon_core.verb:set package 'pomodoro_timer' build argument 'cmake_clean_cache' from command line to 'False'
[1.923s] Level 5:colcon.colcon_core.verb:set package 'pomodoro_timer' build argument 'cmake_clean_first' from command line to 'False'
[1.923s] Level 5:colcon.colcon_core.verb:set package 'pomodoro_timer' build argument 'cmake_force_configure' from command line to 'False'
[1.923s] Level 5:colcon.colcon_core.verb:set package 'pomodoro_timer' build argument 'ament_cmake_args' from command line to 'None'
[1.923s] Level 5:colcon.colcon_core.verb:set package 'pomodoro_timer' build argument 'catkin_cmake_args' from command line to 'None'
[1.923s] Level 5:colcon.colcon_core.verb:set package 'pomodoro_timer' build argument 'catkin_skip_building_tests' from command line to 'False'
[1.923s] DEBUG:colcon.colcon_core.verb:Building package 'pomodoro_timer' with the following arguments: {'ament_cmake_args': None, 'build_base': '/home/shiba/ros2_ws/src/pomodoro_timer/build/pomodoro_timer', 'catkin_cmake_args': None, 'catkin_skip_building_tests': False, 'cmake_args': None, 'cmake_clean_cache': False, 'cmake_clean_first': False, 'cmake_force_configure': False, 'cmake_target': None, 'cmake_target_skip_unavailable': False, 'install_base': '/home/shiba/ros2_ws/src/pomodoro_timer/install/pomodoro_timer', 'merge_install': False, 'path': '/home/shiba/ros2_ws/src/pomodoro_timer', 'symlink_install': False, 'test_result_base': None}
[1.923s] INFO:colcon.colcon_core.executor:Executing jobs using 'parallel' executor
[1.926s] DEBUG:colcon.colcon_parallel_executor.executor.parallel:run_until_complete
[1.926s] INFO:colcon.colcon_ros.task.ament_python.build:Building ROS package in '/home/shiba/ros2_ws/src/pomodoro_timer' with build type 'ament_python'
[1.929s] Level 1:colcon.colcon_core.shell:create_environment_hook('pomodoro_timer', 'ament_prefix_path')
[1.943s] INFO:colcon.colcon_core.plugin_system:Skipping extension 'colcon_core.shell.bat': Not used on non-Windows systems
[1.944s] INFO:colcon.colcon_core.shell:Creating environment hook '/home/shiba/ros2_ws/src/pomodoro_timer/install/pomodoro_timer/share/pomodoro_timer/hook/ament_prefix_path.ps1'
[1.952s] INFO:colcon.colcon_core.shell:Creating environment descriptor '/home/shiba/ros2_ws/src/pomodoro_timer/install/pomodoro_timer/share/pomodoro_timer/hook/ament_prefix_path.dsv'
[1.955s] INFO:colcon.colcon_core.shell:Creating environment hook '/home/shiba/ros2_ws/src/pomodoro_timer/install/pomodoro_timer/share/pomodoro_timer/hook/ament_prefix_path.sh'
[1.958s] INFO:colcon.colcon_core.shell:Skip shell extension 'powershell' for command environment: Not usable outside of PowerShell
[1.958s] DEBUG:colcon.colcon_core.shell:Skip shell extension 'dsv' for command environment
[2.560s] INFO:colcon.colcon_core.task.python.build:Building Python package in '/home/shiba/ros2_ws/src/pomodoro_timer'
[2.561s] INFO:colcon.colcon_core.shell:Skip shell extension 'powershell' for command environment: Not usable outside of PowerShell
[2.561s] DEBUG:colcon.colcon_core.shell:Skip shell extension 'dsv' for command environment
[3.823s] DEBUG:colcon.colcon_core.event_handler.log_command:Invoking command in '/home/shiba/ros2_ws/src/pomodoro_timer': CONDA_PROMPT_MODIFIER=(base) PYTHONPATH=/home/shiba/ros2_ws/src/pomodoro_timer/build/pomodoro_timer/prefix_override:/usr/lib/python3/dist-packages/colcon_core/task/python/colcon_distutils_commands:/home/shiba/ros2_ws/src/pomodoro_timer/install/pomodoro_timer/lib/python3.10/site-packages:${PYTHONPATH} /usr/bin/python3 -W ignore:setup.py install is deprecated -W ignore:easy_install command is deprecated setup.py egg_info --egg-base build/pomodoro_timer build --build-base /home/shiba/ros2_ws/src/pomodoro_timer/build/pomodoro_timer/build install --record /home/shiba/ros2_ws/src/pomodoro_timer/build/pomodoro_timer/install.log --single-version-externally-managed install_data
[4.486s] DEBUG:colcon.colcon_core.event_handler.log_command:Invoked command in '/home/shiba/ros2_ws/src/pomodoro_timer' returned '0': CONDA_PROMPT_MODIFIER=(base) PYTHONPATH=/home/shiba/ros2_ws/src/pomodoro_timer/build/pomodoro_timer/prefix_override:/usr/lib/python3/dist-packages/colcon_core/task/python/colcon_distutils_commands:/home/shiba/ros2_ws/src/pomodoro_timer/install/pomodoro_timer/lib/python3.10/site-packages:${PYTHONPATH} /usr/bin/python3 -W ignore:setup.py install is deprecated -W ignore:easy_install command is deprecated setup.py egg_info --egg-base build/pomodoro_timer build --build-base /home/shiba/ros2_ws/src/pomodoro_timer/build/pomodoro_timer/build install --record /home/shiba/ros2_ws/src/pomodoro_timer/build/pomodoro_timer/install.log --single-version-externally-managed install_data
[4.505s] Level 1:colcon.colcon_core.environment:checking '/home/shiba/ros2_ws/src/pomodoro_timer/install/pomodoro_timer' for CMake module files
[4.506s] Level 1:colcon.colcon_core.environment:checking '/home/shiba/ros2_ws/src/pomodoro_timer/install/pomodoro_timer' for CMake config files
[4.507s] Level 1:colcon.colcon_core.environment:checking '/home/shiba/ros2_ws/src/pomodoro_timer/install/pomodoro_timer/lib'
[4.507s] Level 1:colcon.colcon_core.environment:checking '/home/shiba/ros2_ws/src/pomodoro_timer/install/pomodoro_timer/bin'
[4.508s] Level 1:colcon.colcon_core.environment:checking '/home/shiba/ros2_ws/src/pomodoro_timer/install/pomodoro_timer/lib/pkgconfig/pomodoro_timer.pc'
[4.508s] Level 1:colcon.colcon_core.environment:checking '/home/shiba/ros2_ws/src/pomodoro_timer/install/pomodoro_timer/lib/python3.10/site-packages'
[4.508s] Level 1:colcon.colcon_core.shell:create_environment_hook('pomodoro_timer', 'pythonpath')
[4.509s] INFO:colcon.colcon_core.shell:Creating environment hook '/home/shiba/ros2_ws/src/pomodoro_timer/install/pomodoro_timer/share/pomodoro_timer/hook/pythonpath.ps1'
[4.510s] INFO:colcon.colcon_core.shell:Creating environment descriptor '/home/shiba/ros2_ws/src/pomodoro_timer/install/pomodoro_timer/share/pomodoro_timer/hook/pythonpath.dsv'
[4.511s] INFO:colcon.colcon_core.shell:Creating environment hook '/home/shiba/ros2_ws/src/pomodoro_timer/install/pomodoro_timer/share/pomodoro_timer/hook/pythonpath.sh'
[4.512s] Level 1:colcon.colcon_core.environment:checking '/home/shiba/ros2_ws/src/pomodoro_timer/install/pomodoro_timer/bin'
[4.513s] Level 1:colcon.colcon_core.environment:create_environment_scripts_only(pomodoro_timer)
[4.513s] INFO:colcon.colcon_core.shell:Creating package script '/home/shiba/ros2_ws/src/pomodoro_timer/install/pomodoro_timer/share/pomodoro_timer/package.ps1'
[4.516s] INFO:colcon.colcon_core.shell:Creating package descriptor '/home/shiba/ros2_ws/src/pomodoro_timer/install/pomodoro_timer/share/pomodoro_timer/package.dsv'
[4.518s] INFO:colcon.colcon_core.shell:Creating package script '/home/shiba/ros2_ws/src/pomodoro_timer/install/pomodoro_timer/share/pomodoro_timer/package.sh'
[4.520s] INFO:colcon.colcon_core.shell:Creating package script '/home/shiba/ros2_ws/src/pomodoro_timer/install/pomodoro_timer/share/pomodoro_timer/package.bash'
[4.522s] INFO:colcon.colcon_core.shell:Creating package script '/home/shiba/ros2_ws/src/pomodoro_timer/install/pomodoro_timer/share/pomodoro_timer/package.zsh'
[4.524s] Level 1:colcon.colcon_core.environment:create_file_with_runtime_dependencies(/home/shiba/ros2_ws/src/pomodoro_timer/install/pomodoro_timer/share/colcon-core/packages/pomodoro_timer)
[4.528s] DEBUG:colcon.colcon_parallel_executor.executor.parallel:closing loop
[4.528s] DEBUG:colcon.colcon_parallel_executor.executor.parallel:loop closed
[4.529s] DEBUG:colcon.colcon_parallel_executor.executor.parallel:run_until_complete finished with '0'
[4.529s] DEBUG:colcon.colcon_core.event_reactor:joining thread
[4.616s] INFO:colcon.colcon_core.plugin_system:Skipping extension 'colcon_notification.desktop_notification.notify_send': Could not find 'notify-send'
[4.616s] INFO:colcon.colcon_core.plugin_system:Skipping extension 'colcon_notification.desktop_notification.terminal_notifier': Not used on non-Darwin systems
[4.616s] INFO:colcon.colcon_core.plugin_system:Skipping extension 'colcon_notification.desktop_notification.win32': Not used on non-Windows systems
[4.617s] INFO:colcon.colcon_notification.desktop_notification:Sending desktop notification using 'notify2'
[4.630s] DEBUG:colcon.colcon_notification.desktop_notification.notify2:Failed to initialize notify2: org.freedesktop.DBus.Error.ServiceUnknown: The name org.freedesktop.Notifications was not provided by any .service files
[4.630s] DEBUG:colcon.colcon_core.event_reactor:joined thread
[4.631s] INFO:colcon.colcon_core.shell:Creating prefix script '/home/shiba/ros2_ws/src/pomodoro_timer/install/local_setup.ps1'
[4.634s] INFO:colcon.colcon_core.shell:Creating prefix util module '/home/shiba/ros2_ws/src/pomodoro_timer/install/_local_setup_util_ps1.py'
[4.637s] INFO:colcon.colcon_core.shell:Creating prefix chain script '/home/shiba/ros2_ws/src/pomodoro_timer/install/setup.ps1'
[4.641s] INFO:colcon.colcon_core.shell:Creating prefix script '/home/shiba/ros2_ws/src/pomodoro_timer/install/local_setup.sh'
[4.644s] INFO:colcon.colcon_core.shell:Creating prefix util module '/home/shiba/ros2_ws/src/pomodoro_timer/install/_local_setup_util_sh.py'
[4.646s] INFO:colcon.colcon_core.shell:Creating prefix chain script '/home/shiba/ros2_ws/src/pomodoro_timer/install/setup.sh'
[4.650s] INFO:colcon.colcon_core.shell:Creating prefix script '/home/shiba/ros2_ws/src/pomodoro_timer/install/local_setup.bash'
[4.653s] INFO:colcon.colcon_core.shell:Creating prefix chain script '/home/shiba/ros2_ws/src/pomodoro_timer/install/setup.bash'
[4.657s] INFO:colcon.colcon_core.shell:Creating prefix script '/home/shiba/ros2_ws/src/pomodoro_timer/install/local_setup.zsh'
[4.660s] INFO:colcon.colcon_core.shell:Creating prefix chain script '/home/shiba/ros2_ws/src/pomodoro_timer/install/setup.zsh'
